━━━ Academic Discovery ━━━
Date:      2026-05-16
Keywords:  digital twin, logistics, VRP, agent-based, crowd-shipping, urban transport, operations research
Types:     phd, postdoc, research
Sources:   euraxess, jobs_ac_uk, findaphd

Existing opportunities tracked: 40

  ✓ euraxess: 10 results (3.2s)
  ! jobs.ac.uk: selectors not found (data-advert-id count=0)
  ! jobs.ac.uk: selectors not found (data-advert-id count=0)
  ✓ jobs_ac_uk: 60 results (100.5s)
  ! FindAPhD: Cloudflare Turnstile blocking. Run with HEADLESS=false and solve manually, or use persistent context.
  ✓ findaphd: 0 results (30.9s)

Total scraped: 70
Novel (after dedup): 40
Wrote digest: D:\Downloads\coding project\career-ops\data\academic\digests\2026-05-16.md

━━━ Top 10 novel opportunities ━━━
 1. [euraxess] postdoc  Projektleiter*in Forschung 80-100%
     · ? · Deadline: 23 Jun 2026
 2. [euraxess] postdoc  Treasurer / Board Member for Finance & Organisational Development
     · ? · Deadline: 25 May 2026
 3. [euraxess] postdoc  Algemeen bestuurslid voor de portefeuille Arbeidsvoorwaarden Universit
     · ? · Deadline: 25 May 2026
 4. [euraxess] postdoc  Research Hardware Engineer | Mosquito Behavior & Open Hardware
     · ? · Deadline: 2 Jun 2026
 5. [euraxess] postdoc  Senior Lecturer (Doctorate/PhD)
     · ? · Deadline: 19 Jun 2026
 6. [euraxess] postdoc  Senior Lecturer (Doctorate/PhD)
     · ? · Deadline: 19 Jun 2026
 7. [euraxess] postdoc  Senior Lecturer (Doctorate/PhD)
     · ? · Deadline: 19 Jun 2026
 8. [euraxess] postdoc  Senior Lecturer (Doctorate/PhD)
     · ? · Deadline: 19 Jun 2026
 9. [euraxess] phd      PhD position in “Context‑aware and Data‑efficient Artificial Intellige
     · ? · Deadline: 30 Jun 2026
10. [euraxess] phd      PhD position: Safe and efficient coordination of mixed traffic with au
     · ? · Deadline: 8 Jun 2026
